  Application.cpp
  Model.cpp
  ModelLoader.cpp
  ModuleCamera.cpp
c:\users\gt73evr\source\repos\kibium\engine_master\modulecamera.cpp(74): warning C4305: '+=': truncamiento de 'double' a 'float'
c:\users\gt73evr\source\repos\kibium\engine_master\modulecamera.cpp(95): warning C4244: 'argumento': conversión de 'float' a 'GLsizei'; posible pérdida de datos
  ModuleInput.cpp
  ModuleMSTimer.cpp
c:\users\gt73evr\source\repos\kibium\engine_master\modulemstimer.cpp(21): warning C4244: '=': conversión de 'Uint32' a 'float'; posible pérdida de datos
  ModuleProgram.cpp
  ModuleRender.cpp
  ModuleTextures.cpp
  ModuleUI.cpp
  ModuleWindow.cpp
c:\users\gt73evr\source\repos\kibium\engine_master\modulewindow.cpp(21): warning C4244: 'return': conversión de 'int' a 'const float'; posible pérdida de datos
c:\users\gt73evr\source\repos\kibium\engine_master\modulewindow.cpp(26): warning C4244: 'return': conversión de 'int' a 'const float'; posible pérdida de datos
c:\users\gt73evr\source\repos\kibium\engine_master\modulewindow.cpp(82): warning C4244: 'argumento': conversión de 'float' a 'GLsizei'; posible pérdida de datos
c:\users\gt73evr\source\repos\kibium\engine_master\modulewindow.cpp(88): warning C4244: 'argumento': conversión de 'float' a 'GLsizei'; posible pérdida de datos
  Generando código...
c:\users\gt73evr\source\repos\kibium\engine_master\moduletextures.cpp(72): warning C4715: 'ModuleTextures::CreateTexture': no todas las rutas de acceso de control devuelven un valor
  Engine.vcxproj -> C:\Users\GT73EVR\source\repos\Kibium\Engine_Master\Debug\EngineMaster.exe
