  imgui.cpp
  imgui_demo.cpp
  imgui_draw.cpp
  imgui_impl_glfw.cpp
  imgui_impl_opengl3.cpp
  imgui_impl_sdl.cpp
  imgui_widgets.cpp
  LCG.cpp
  AABB.cpp
  Capsule.cpp
  Circle.cpp
  Cone.cpp
  Cylinder.cpp
  Frustum.cpp
  Line.cpp
  LineSegment.cpp
  OBB.cpp
  Plane.cpp
  Polygon.cpp
  Polyhedron.cpp
  Compilando...
  Ray.cpp
  Sphere.cpp
  Triangle.cpp
  TriangleMesh.cpp
  BitOps.cpp
  float2.cpp
  float3.cpp
  float3x3.cpp
  float3x4.cpp
  float4.cpp
  float4x4.cpp
  MathFunc.cpp
  MathLog.cpp
  MathOps.cpp
  Polynomial.cpp
  Quat.cpp
  SSEMath.cpp
  TransformOps.cpp
  Clock.cpp
  Application.cpp
  Compilando...
  log.cpp
  Main.cpp
  Mesh.cpp
  Model.cpp
  ModelLoader.cpp
c:\users\tonifj\documents\github\apeengine\source\util\par_shapes.h(218): warning C4305: 'inicializando': truncamiento de 'double' a 'float'
c:\users\tonifj\documents\github\apeengine\source\util\par_shapes.h(219): warning C4305: 'inicializando': truncamiento de 'double' a 'float'
c:\users\tonifj\documents\github\apeengine\source\util\par_shapes.h(494): warning C4996: 'fopen': This function or variable may be unsafe. Consider using fopen_s instead. To disable deprecation, use _CRT_SECURE_NO_WARNINGS. See online help for details.
  c:\program files (x86)\windows kits\10\include\10.0.16299.0\ucrt\stdio.h(207): note: vea la declaración de 'fopen'
c:\users\tonifj\documents\github\apeengine\source\util\par_shapes.h(558): warning C4244: 'inicializando': conversión de 'double' a 'float'; posible pérdida de datos
c:\users\tonifj\documents\github\apeengine\source\util\par_shapes.h(559): warning C4244: 'inicializando': conversión de 'double' a 'float'; posible pérdida de datos
c:\users\tonifj\documents\github\apeengine\source\util\par_shapes.h(567): warning C4244: 'inicializando': conversión de 'double' a 'float'; posible pérdida de datos
c:\users\tonifj\documents\github\apeengine\source\util\par_shapes.h(568): warning C4244: 'inicializando': conversión de 'double' a 'float'; posible pérdida de datos
c:\users\tonifj\documents\github\apeengine\source\util\par_shapes.h(583): warning C4244: 'inicializando': conversión de 'double' a 'float'; posible pérdida de datos
c:\users\tonifj\documents\github\apeengine\source\util\par_shapes.h(584): warning C4244: 'inicializando': conversión de 'double' a 'float'; posible pérdida de datos
c:\users\tonifj\documents\github\apeengine\source\util\par_shapes.h(592): warning C4244: 'argumento': conversión de 'double' a 'float'; posible pérdida de datos
c:\users\tonifj\documents\github\apeengine\source\util\par_shapes.h(600): warning C4244: 'inicializando': conversión de 'double' a 'float'; posible pérdida de datos
c:\users\tonifj\documents\github\apeengine\source\util\par_shapes.h(609): warning C4244: 'inicializando': conversión de 'double' a 'float'; posible pérdida de datos
c:\users\tonifj\documents\github\apeengine\source\util\par_shapes.h(619): warning C4244: 'inicializando': conversión de 'double' a 'float'; posible pérdida de datos
c:\users\tonifj\documents\github\apeengine\source\util\par_shapes.h(620): warning C4244: 'inicializando': conversión de 'double' a 'float'; posible pérdida de datos
c:\users\tonifj\documents\github\apeengine\source\util\par_shapes.h(634): warning C4244: 'inicializando': conversión de 'double' a 'float'; posible pérdida de datos
c:\users\tonifj\documents\github\apeengine\source\util\par_shapes.h(634): warning C4244: 'inicializando': conversión de 'double' a 'const float'; posible pérdida de datos
c:\users\tonifj\documents\github\apeengine\source\util\par_shapes.h(635): warning C4244: 'inicializando': conversión de 'double' a 'float'; posible pérdida de datos
c:\users\tonifj\documents\github\apeengine\source\util\par_shapes.h(635): warning C4244: 'inicializando': conversión de 'double' a 'const float'; posible pérdida de datos
c:\users\tonifj\documents\github\apeengine\source\util\par_shapes.h(710): warning C4244: 'inicializando': conversión de 'double' a 'float'; posible pérdida de datos
c:\users\tonifj\documents\github\apeengine\source\util\par_shapes.h(871): warning C4305: 'inicializando': truncamiento de 'double' a 'float'
c:\users\tonifj\documents\github\apeengine\source\util\par_shapes.h(927): warning C4305: 'inicializando': truncamiento de 'double' a 'float'
c:\users\tonifj\documents\github\apeengine\source\util\par_shapes.h(1011): warning C4305: 'inicializando': truncamiento de 'double' a 'float'
c:\users\tonifj\documents\github\apeengine\source\util\par_shapes.h(1204): warning C4996: 'strcpy': This function or variable may be unsafe. Consider using strcpy_s instead. To disable deprecation, use _CRT_SECURE_NO_WARNINGS. See online help for details.
  c:\program files (x86)\windows kits\10\include\10.0.16299.0\ucrt\string.h(132): note: vea la declaración de 'strcpy'
c:\users\tonifj\documents\github\apeengine\source\util\par_shapes.h(1235): warning C4996: 'strcpy': This function or variable may be unsafe. Consider using strcpy_s instead. To disable deprecation, use _CRT_SECURE_NO_WARNINGS. See online help for details.
  c:\program files (x86)\windows kits\10\include\10.0.16299.0\ucrt\string.h(132): note: vea la declaración de 'strcpy'
c:\users\tonifj\documents\github\apeengine\source\util\par_shapes.h(1337): warning C4244: '=': conversión de 'double' a 'float'; posible pérdida de datos
c:\users\tonifj\documents\github\apeengine\source\util\par_shapes.h(1339): warning C4244: 'argumento': conversión de 'double' a 'float'; posible pérdida de datos
c:\users\tonifj\documents\github\apeengine\source\util\par_shapes.h(1341): warning C4244: 'argumento': conversión de 'double' a 'float'; posible pérdida de datos
c:\users\tonifj\documents\github\apeengine\source\util\par_shapes.h(1343): warning C4244: 'argumento': conversión de 'double' a 'float'; posible pérdida de datos
c:\users\tonifj\documents\github\apeengine\source\util\par_shapes.h(1205): warning C4996: 'strtok': This function or variable may be unsafe. Consider using strtok_s instead. To disable deprecation, use _CRT_SECURE_NO_WARNINGS. See online help for details.
  c:\program files (x86)\windows kits\10\include\10.0.16299.0\ucrt\string.h(439): note: vea la declaración de 'strtok'
c:\users\tonifj\documents\github\apeengine\source\util\par_shapes.h(1209): warning C4996: 'strtok': This function or variable may be unsafe. Consider using strtok_s instead. To disable deprecation, use _CRT_SECURE_NO_WARNINGS. See online help for details.
  c:\program files (x86)\windows kits\10\include\10.0.16299.0\ucrt\string.h(439): note: vea la declaración de 'strtok'
c:\users\tonifj\documents\github\apeengine\source\util\par_shapes.h(1219): warning C4996: 'strtok': This function or variable may be unsafe. Consider using strtok_s instead. To disable deprecation, use _CRT_SECURE_NO_WARNINGS. See online help for details.
  c:\program files (x86)\windows kits\10\include\10.0.16299.0\ucrt\string.h(439): note: vea la declaración de 'strtok'
c:\users\tonifj\documents\github\apeengine\source\util\par_shapes.h(1236): warning C4996: 'strtok': This function or variable may be unsafe. Consider using strtok_s instead. To disable deprecation, use _CRT_SECURE_NO_WARNINGS. See online help for details.
  c:\program files (x86)\windows kits\10\include\10.0.16299.0\ucrt\string.h(439): note: vea la declaración de 'strtok'
c:\users\tonifj\documents\github\apeengine\source\util\par_shapes.h(1238): warning C4996: 'strtok': This function or variable may be unsafe. Consider using strtok_s instead. To disable deprecation, use _CRT_SECURE_NO_WARNINGS. See online help for details.
  c:\program files (x86)\windows kits\10\include\10.0.16299.0\ucrt\string.h(439): note: vea la declaración de 'strtok'
c:\users\tonifj\documents\github\apeengine\source\util\par_shapes.h(1260): warning C4996: 'strtok': This function or variable may be unsafe. Consider using strtok_s instead. To disable deprecation, use _CRT_SECURE_NO_WARNINGS. See online help for details.
  c:\program files (x86)\windows kits\10\include\10.0.16299.0\ucrt\string.h(439): note: vea la declaración de 'strtok'
c:\users\tonifj\documents\github\apeengine\source\util\par_shapes.h(1500): warning C4305: 'argumento': truncamiento de 'double' a 'float'
c:\users\tonifj\documents\github\apeengine\source\util\par_shapes.h(1517): warning C4244: '*=': conversión de 'double' a 'float'; posible pérdida de datos
c:\users\tonifj\documents\github\apeengine\source\util\par_shapes.h(1518): warning C4244: '*=': conversión de 'double' a 'float'; posible pérdida de datos
c:\users\tonifj\documents\github\apeengine\source\util\par_shapes.h(1519): warning C4244: '*=': conversión de 'double' a 'float'; posible pérdida de datos
c:\users\tonifj\documents\github\apeengine\source\util\par_shapes.h(1521): warning C4244: '=': conversión de 'double' a 'float'; posible pérdida de datos
c:\users\tonifj\documents\github\apeengine\source\util\par_shapes.h(1774): warning C4244: 'inicializando': conversión de 'int' a 'float'; posible pérdida de datos
c:\users\tonifj\documents\github\apeengine\source\util\par_shapes.h(1805): warning C4244: 'argumento': conversión de 'double' a 'float'; posible pérdida de datos
c:\users\tonifj\documents\github\apeengine\source\util\par_shapes.h(1832): warning C4005: 'ARRAYSIZE': redefinición de macro
  c:\program files (x86)\windows kits\10\include\10.0.16299.0\um\winnt.h(1315): note: vea la definición anterior de 'ARRAYSIZE'
c:\users\tonifj\documents\github\apeengine\source\modelloader.cpp(387): warning C4018: '<': no coinciden signed/unsigned
  ModuleCamera.cpp
c:\users\tonifj\documents\github\apeengine\source\modulecamera.cpp(81): warning C4305: '+=': truncamiento de 'double' a 'float'
c:\users\tonifj\documents\github\apeengine\source\modulecamera.cpp(100): warning C4244: 'argumento': conversión de 'float' a 'GLsizei'; posible pérdida de datos
  ModuleDebugDraw.cpp
  ModuleInput.cpp
c:\users\tonifj\documents\github\apeengine\source\moduleinput.cpp(309): warning C4305: '=': truncamiento de 'double' a 'float'
c:\users\tonifj\documents\github\apeengine\source\moduleinput.cpp(381): warning C4305: '=': truncamiento de 'double' a 'float'
  ModuleMSTimer.cpp
c:\users\tonifj\documents\github\apeengine\source\modulemstimer.cpp(21): warning C4244: '=': conversión de 'Uint32' a 'float'; posible pérdida de datos
  ModuleProgram.cpp
  ModuleRender.cpp
  ModuleRenderExercise.cpp
  ModuleScene.cpp
  ModuleTextures.cpp
  ModuleUI.cpp
  ModuleWindow.cpp
c:\users\tonifj\documents\github\apeengine\source\modulewindow.cpp(21): warning C4244: 'return': conversión de 'int' a 'const float'; posible pérdida de datos
c:\users\tonifj\documents\github\apeengine\source\modulewindow.cpp(26): warning C4244: 'return': conversión de 'int' a 'const float'; posible pérdida de datos
c:\users\tonifj\documents\github\apeengine\source\modulewindow.cpp(82): warning C4244: 'argumento': conversión de 'float' a 'GLsizei'; posible pérdida de datos
c:\users\tonifj\documents\github\apeengine\source\modulewindow.cpp(88): warning C4244: 'argumento': conversión de 'float' a 'GLsizei'; posible pérdida de datos
  ModuleμSTimer.cpp
c:\users\tonifj\documents\github\apeengine\source\moduleμstimer.cpp(18): warning C4244: '=': conversión de 'Uint64' a 'float'; posible pérdida de datos
  Shader.cpp
  Generando código
  All 2779 functions were compiled because no usable IPDB/IOBJ from previous compilation was found.
  Generación de código finalizada
  Engine.vcxproj -> C:\Users\tonifj\Documents\GitHub\ApeEngine\Release\EngineMaster.exe
